<?xml version="1.0" encoding="UTF-8"?>
<testsuite xmlns:xsi="http://www.w3.org/2001/XMLSchema-instance" xsi:noNamespaceSchemaLocation="https://maven.apache.org/surefire/maven-surefire-plugin/xsd/surefire-test-report-3.0.xsd" version="3.0" name="br.com.teste.eventos.service.EventoEndpointTest" time="3.209" tests="1" errors="0" skipped="0" failures="0">
  <properties>
[...]
</properties>
  <testcase name="testInserirEvento" classname="br.com.teste.eventos.service.EventoEndpointTest" time="0.319">
    <system-out><![CDATA[
  .   ____          _            __ _ _
 /\\ / ___'_ __ _ _(_)_ __  __ _ \ \ \ \
( ( )\___ | '_ | '_| | '_ \/ _` | \ \ \ \
 \\/  ___)| |_)| | | | | || (_| |  ) ) ) )
  '  |____| .__|_| |_|_| |_\__, | / / / /
 =========|_|==============|___/=/_/_/_/

 :: Spring Boot ::                (v3.3.5)

2024-10-28T17:40:27.442-03:00  INFO 24392 --- [eventos] [           main] b.c.t.e.service.EventoEndpointTest       : Starting EventoEndpointTest using Java 17.0.13 with PID 24392 (started by Alexandre-PC in D:\PROJETO_JAVA\Projeto_Cresol\Teste_Eventos\backend_java)
2024-10-28T17:40:27.444-03:00  INFO 24392 --- [eventos] [           main] b.c.t.e.service.EventoEndpointTest       : No active profile set, falling back to 1 default profile: "default"
2024-10-28T17:40:29.606-03:00  INFO 24392 --- [eventos] [           main] o.s.b.t.m.w.SpringBootMockServletContext : Initializing Spring TestDispatcherServlet ''
2024-10-28T17:40:29.606-03:00  INFO 24392 --- [eventos] [           main] o.s.t.web.servlet.TestDispatcherServlet  : Initializing Servlet ''
2024-10-28T17:40:29.608-03:00  INFO 24392 --- [eventos] [           main] o.s.t.web.servlet.TestDispatcherServlet  : Completed initialization in 1 ms
2024-10-28T17:40:29.638-03:00  INFO 24392 --- [eventos] [           main] b.c.t.e.service.EventoEndpointTest       : Started EventoEndpointTest in 2.53 seconds (process running for 3.447)
]]></system-out>
  </testcase>
</testsuite>