<?xml version="1.0" encoding="UTF-8"?>
<testsuite xmlns:xsi="http://www.w3.org/2001/XMLSchema-instance" xsi:noNamespaceSchemaLocation="https://maven.apache.org/surefire/maven-surefire-plugin/xsd/surefire-test-report-3.0.xsd" version="3.0" name="br.com.teste.eventos.service.AgendadorTest" time="5.327" tests="1" errors="0" skipped="0" failures="1">
  <properties>
[...]
</properties>
  <testcase name="testInativarEventoVencido" classname="br.com.teste.eventos.service.AgendadorTest" time="0.655">
    <failure message="&#10;Expecting value to be false but was true" type="org.opentest4j.AssertionFailedError"><![CDATA[org.opentest4j.AssertionFailedError: 

Expecting value to be false but was true
	at java.base/jdk.internal.reflect.NativeConstructorAccessorImpl.newInstance0(Native Method)
	at java.base/jdk.internal.reflect.NativeConstructorAccessorImpl.newInstance(NativeConstructorAccessorImpl.java:77)
	at java.base/jdk.internal.reflect.DelegatingConstructorAccessorImpl.newInstance(DelegatingConstructorAccessorImpl.java:45)
	at java.base/java.lang.reflect.Constructor.newInstanceWithCaller(Constructor.java:500)
	at br.com.teste.eventos.service.AgendadorTest.testInativarEventoVencido(AgendadorTest.java:54)
	at java.base/java.lang.reflect.Method.invoke(Method.java:569)
	at java.base/java.util.ArrayList.forEach(ArrayList.java:1511)
	at java.base/java.util.ArrayList.forEach(ArrayList.java:1511)
]]></failure>
    <system-out><![CDATA[17:38:24.510 [main] INFO org.springframework.test.context.support.AnnotationConfigContextLoaderUtils -- Could not detect default configuration classes for test class [br.com.teste.eventos.service.AgendadorTest]: AgendadorTest does not declare any static, non-private, non-final, nested classes annotated with @Configuration.
17:38:24.613 [main] INFO org.springframework.boot.test.context.SpringBootTestContextBootstrapper -- Found @SpringBootConfiguration br.com.teste.eventos.EventosApplication for test class br.com.teste.eventos.service.AgendadorTest

  .   ____          _            __ _ _
 /\\ / ___'_ __ _ _(_)_ __  __ _ \ \ \ \
( ( )\___ | '_ | '_| | '_ \/ _` | \ \ \ \
 \\/  ___)| |_)| | | | | || (_| |  ) ) ) )
  '  |____| .__|_| |_|_| |_\__, | / / / /
 =========|_|==============|___/=/_/_/_/

 :: Spring Boot ::                (v3.3.5)

2024-10-29T17:38:24.979-03:00  INFO 19632 --- [eventos] [           main] b.c.teste.eventos.service.AgendadorTest  : Starting AgendadorTest using Java 17.0.13 with PID 19632 (started by Alexandre-PC in D:\PROJETO_JAVA\Projeto_Cresol\Teste_Eventos\backend_java)
2024-10-29T17:38:24.980-03:00  INFO 19632 --- [eventos] [           main] b.c.teste.eventos.service.AgendadorTest  : No active profile set, falling back to 1 default profile: "default"
2024-10-29T17:38:25.764-03:00  INFO 19632 --- [eventos] [           main] .s.d.r.c.RepositoryConfigurationDelegate : Bootstrapping Spring Data JPA repositories in DEFAULT mode.
2024-10-29T17:38:25.825-03:00  INFO 19632 --- [eventos] [           main] .s.d.r.c.RepositoryConfigurationDelegate : Finished Spring Data repository scanning in 53 ms. Found 2 JPA repository interfaces.
2024-10-29T17:38:26.237-03:00  INFO 19632 --- [eventos] [           main] com.zaxxer.hikari.HikariDataSource       : HikariPool-1 - Starting...
2024-10-29T17:38:26.415-03:00  INFO 19632 --- [eventos] [           main] com.zaxxer.hikari.pool.HikariPool        : HikariPool-1 - Added connection conn0: url=jdbc:h2:mem:eventos user=TESTE
2024-10-29T17:38:26.416-03:00  INFO 19632 --- [eventos] [           main] com.zaxxer.hikari.HikariDataSource       : HikariPool-1 - Start completed.
2024-10-29T17:38:26.461-03:00  INFO 19632 --- [eventos] [           main] o.hibernate.jpa.internal.util.LogHelper  : HHH000204: Processing PersistenceUnitInfo [name: default]
2024-10-29T17:38:26.518-03:00  INFO 19632 --- [eventos] [           main] org.hibernate.Version                    : HHH000412: Hibernate ORM core version 6.5.3.Final
2024-10-29T17:38:26.556-03:00  INFO 19632 --- [eventos] [           main] o.h.c.internal.RegionFactoryInitiator    : HHH000026: Second-level cache disabled
2024-10-29T17:38:26.931-03:00  INFO 19632 --- [eventos] [           main] o.s.o.j.p.SpringPersistenceUnitInfo      : No LoadTimeWeaver setup: ignoring JPA class transformer
2024-10-29T17:38:26.966-03:00  WARN 19632 --- [eventos] [           main] org.hibernate.orm.deprecation            : HHH90000025: H2Dialect does not need to be specified explicitly using 'hibernate.dialect' (remove the property setting and it will be selected by default)
2024-10-29T17:38:27.656-03:00  INFO 19632 --- [eventos] [           main] o.h.e.t.j.p.i.JtaPlatformInitiator       : HHH000489: No JTA platform available (set 'hibernate.transaction.jta.platform' to enable JTA platform integration)
2024-10-29T17:38:27.693-03:00  INFO 19632 --- [eventos] [           main] j.LocalContainerEntityManagerFactoryBean : Initialized JPA EntityManagerFactory for persistence unit 'default'
2024-10-29T17:38:27.930-03:00  INFO 19632 --- [eventos] [           main] o.s.d.j.r.query.QueryEnhancerFactory     : Hibernate is in classpath; If applicable, HQL parser will be used.
2024-10-29T17:38:28.532-03:00  WARN 19632 --- [eventos] [           main] JpaBaseConfiguration$JpaWebConfiguration : spring.jpa.open-in-view is enabled by default. Therefore, database queries may be performed during view rendering. Explicitly configure spring.jpa.open-in-view to disable this warning
2024-10-29T17:38:28.958-03:00  INFO 19632 --- [eventos] [           main] o.s.b.a.h2.H2ConsoleAutoConfiguration    : H2 console available at '/h2-console'. Database available at 'jdbc:h2:mem:eventos'
2024-10-29T17:38:29.022-03:00  INFO 19632 --- [eventos] [           main] b.c.teste.eventos.service.AgendadorTest  : Started AgendadorTest in 4.266 seconds (process running for 5.258)
Buscando eventos vencidos para inativar17:38:29
]]></system-out>
  </testcase>
</testsuite>